2025-06-17 09:42:53,932 - INFO - Logging set up. Log file: ./mesagrid_output/mesagrid_run_20250617_094253.log
2025-06-17 09:42:53,932 - DEBUG - Debug mode enabled.
2025-06-17 09:42:53,932 - INFO - MESA Grid Analysis started. Input directory: /home/tnd/mesa-r23.05.1/STRANGE/nad_convos_mid, Output directory: ./mesagrid_output
2025-06-17 09:42:53,933 - INFO - Created/ensured directory: ./mesagrid_output/analysis_results
2025-06-17 09:42:53,933 - INFO - Created/ensured directory: ./mesagrid_output/detail_files
2025-06-17 09:42:53,933 - INFO - Created/ensured directory: ./mesagrid_output/plots
2025-06-17 09:42:53,933 - INFO - Created/ensured directory: ./mesagrid_output/blue_loop_plots_bc
2025-06-17 09:42:53,933 - DEBUG - --- RE-ANALYSIS DEBUG ---
2025-06-17 09:42:53,933 - DEBUG -     force_reanalysis (from arguments): False
2025-06-17 09:42:53,933 - DEBUG -     summary_csv_path: ./mesagrid_output/analysis_results/mesa_grid_analysis_summary.csv
2025-06-17 09:42:53,933 - DEBUG -     Does summary_csv_path exist? False
2025-06-17 09:42:53,933 - DEBUG -     cross_csv_path: ./mesagrid_output/analysis_results/mesa_grid_cross.csv
2025-06-17 09:42:53,933 - DEBUG -     Does cross_csv_path exist? False
2025-06-17 09:42:53,933 - INFO - Analysis started. Reanalysis needed: True
2025-06-17 09:42:53,936 - INFO - Starting full analysis of MESA runs...
2025-06-17 09:42:53,939 - INFO - Scanning '/home/tnd/mesa-r23.05.1/STRANGE/nad_convos_mid' for MESA run directories...
2025-06-17 09:42:53,995 - INFO - Inlist file 'inlist_project' not found in '/home/tnd/mesa-r23.05.1/STRANGE/nad_convos_mid/.mesa_temp_cache'. Skipping this directory.
2025-06-17 09:42:53,995 - INFO - history.data not found at '/home/tnd/mesa-r23.05.1/STRANGE/nad_convos_mid/.mesa_temp_cache/LOGS/history.data'. Skipping this directory.
2025-06-17 09:42:54,008 - INFO - Finished scanning. Found 440 valid MESA runs.
2025-06-17 09:42:54,076 - INFO - Generated YAML overview of processed runs: ./mesagrid_output/analysis_results/processed_runs_overview.yaml
