2025-06-17 09:44:00,085 - INFO - Logging set up. Log file: ./mesagrid_output/mesagrid_run_20250617_094400.log
2025-06-17 09:44:00,085 - DEBUG - Debug mode enabled.
2025-06-17 09:44:00,085 - INFO - MESA Grid Analysis started. Input directory: /home/tnd/mesa-r23.05.1/STRANGE/nad_convos_mid, Output directory: ./mesagrid_output
2025-06-17 09:44:00,085 - INFO - Created/ensured directory: ./mesagrid_output/analysis_results
2025-06-17 09:44:00,085 - DEBUG - --- RE-ANALYSIS DEBUG ---
2025-06-17 09:44:00,085 - DEBUG -     force_reanalysis (from arguments): False
2025-06-17 09:44:00,085 - DEBUG -     summary_csv_path: ./mesagrid_output/analysis_results/mesa_grid_analysis_summary.csv
2025-06-17 09:44:00,085 - DEBUG -     Does summary_csv_path exist? False
2025-06-17 09:44:00,085 - DEBUG -     cross_csv_path: ./mesagrid_output/analysis_results/mesa_grid_cross.csv
2025-06-17 09:44:00,085 - DEBUG -     Does cross_csv_path exist? False
2025-06-17 09:44:00,085 - INFO - Analysis started. Reanalysis needed: True
2025-06-17 09:44:00,088 - INFO - Starting full analysis of MESA runs...
2025-06-17 09:44:00,091 - INFO - Scanning '/home/tnd/mesa-r23.05.1/STRANGE/nad_convos_mid' for MESA run directories...
2025-06-17 09:44:00,103 - INFO - Inlist file 'inlist_project' not found in '/home/tnd/mesa-r23.05.1/STRANGE/nad_convos_mid/.mesa_temp_cache'. Skipping this directory.
2025-06-17 09:44:00,103 - INFO - history.data not found at '/home/tnd/mesa-r23.05.1/STRANGE/nad_convos_mid/.mesa_temp_cache/LOGS/history.data'. Skipping this directory.
2025-06-17 09:44:00,106 - INFO - Finished scanning. Found 440 valid MESA runs.
2025-06-17 09:44:00,174 - INFO - Generated YAML overview of processed runs: ./mesagrid_output/analysis_results/processed_runs_overview.yaml
2025-06-17 09:44:00,812 - INFO - Skipping blue loop analysis for M=9.5, Z=0.01 as analyze_blue_loop is False.
2025-06-17 09:44:01,433 - INFO - Skipping blue loop analysis for M=6.5, Z=0.0025 as analyze_blue_loop is False.
2025-06-17 09:44:01,937 - INFO - Skipping blue loop analysis for M=8.0, Z=0.002 as analyze_blue_loop is False.
2025-06-17 09:44:02,565 - INFO - Skipping blue loop analysis for M=9.5, Z=0.013 as analyze_blue_loop is False.
2025-06-17 09:44:03,191 - INFO - Skipping blue loop analysis for M=8.0, Z=0.018 as analyze_blue_loop is False.
2025-06-17 09:44:03,962 - INFO - Skipping blue loop analysis for M=6.5, Z=0.0155 as analyze_blue_loop is False.
2025-06-17 09:44:04,542 - INFO - Skipping blue loop analysis for M=8.5, Z=0.011 as analyze_blue_loop is False.
2025-06-17 09:44:05,156 - INFO - Skipping blue loop analysis for M=3.5, Z=0.0045 as analyze_blue_loop is False.
2025-06-17 09:44:05,775 - INFO - Skipping blue loop analysis for M=4.5, Z=0.0065 as analyze_blue_loop is False.
2025-06-17 09:44:06,396 - INFO - Skipping blue loop analysis for M=4.0, Z=0.0055 as analyze_blue_loop is False.
2025-06-17 09:44:07,014 - INFO - Skipping blue loop analysis for M=7.0, Z=0.011 as analyze_blue_loop is False.
2025-06-17 09:44:07,593 - INFO - Skipping blue loop analysis for M=6.0, Z=0.0125 as analyze_blue_loop is False.
2025-06-17 09:44:08,220 - INFO - Skipping blue loop analysis for M=8.0, Z=0.009 as analyze_blue_loop is False.
2025-06-17 09:44:08,843 - INFO - Skipping blue loop analysis for M=10.0, Z=0.0155 as analyze_blue_loop is False.
2025-06-17 09:44:09,458 - INFO - Skipping blue loop analysis for M=6.0, Z=0.0165 as analyze_blue_loop is False.
2025-06-17 09:44:10,076 - INFO - Skipping blue loop analysis for M=6.0, Z=0.006 as analyze_blue_loop is False.
2025-06-17 09:44:10,695 - INFO - Skipping blue loop analysis for M=8.5, Z=0.019 as analyze_blue_loop is False.
2025-06-17 09:44:11,311 - INFO - Skipping blue loop analysis for M=6.0, Z=0.0185 as analyze_blue_loop is False.
2025-06-17 09:44:11,865 - INFO - Skipping blue loop analysis for M=8.0, Z=0.0055 as analyze_blue_loop is False.
2025-06-17 09:44:12,488 - INFO - Skipping blue loop analysis for M=3.5, Z=0.0035 as analyze_blue_loop is False.
2025-06-17 09:44:13,116 - INFO - Skipping blue loop analysis for M=10.5, Z=0.0195 as analyze_blue_loop is False.
2025-06-17 09:44:13,721 - INFO - Skipping blue loop analysis for M=6.0, Z=0.012 as analyze_blue_loop is False.
2025-06-17 09:44:14,349 - INFO - Skipping blue loop analysis for M=7.0, Z=0.014 as analyze_blue_loop is False.
2025-06-17 09:44:14,973 - INFO - Skipping blue loop analysis for M=7.0, Z=0.018 as analyze_blue_loop is False.
2025-06-17 09:44:15,602 - INFO - Skipping blue loop analysis for M=8.0, Z=0.0095 as analyze_blue_loop is False.
2025-06-17 09:44:16,221 - INFO - Skipping blue loop analysis for M=9.0, Z=0.0195 as analyze_blue_loop is False.
2025-06-17 09:44:16,752 - INFO - Skipping blue loop analysis for M=8.5, Z=0.0055 as analyze_blue_loop is False.
2025-06-17 09:44:17,379 - INFO - Skipping blue loop analysis for M=6.5, Z=0.011 as analyze_blue_loop is False.
2025-06-17 09:44:18,009 - INFO - Skipping blue loop analysis for M=6.5, Z=0.005 as analyze_blue_loop is False.
2025-06-17 09:44:18,635 - INFO - Skipping blue loop analysis for M=4.0, Z=0.0075 as analyze_blue_loop is False.
2025-06-17 09:44:19,261 - INFO - Skipping blue loop analysis for M=5.5, Z=0.0035 as analyze_blue_loop is False.
2025-06-17 09:44:19,889 - INFO - Skipping blue loop analysis for M=6.0, Z=0.002 as analyze_blue_loop is False.
2025-06-17 09:44:20,519 - INFO - Skipping blue loop analysis for M=7.0, Z=0.017 as analyze_blue_loop is False.
2025-06-17 09:44:21,146 - INFO - Skipping blue loop analysis for M=3.5, Z=0.0025 as analyze_blue_loop is False.
2025-06-17 09:44:21,776 - INFO - Skipping blue loop analysis for M=10.0, Z=0.015 as analyze_blue_loop is False.
2025-06-17 09:44:22,404 - INFO - Skipping blue loop analysis for M=6.5, Z=0.0125 as analyze_blue_loop is False.
2025-06-17 09:44:23,030 - INFO - Skipping blue loop analysis for M=6.5, Z=0.0195 as analyze_blue_loop is False.
2025-06-17 09:44:23,655 - INFO - Skipping blue loop analysis for M=4.5, Z=0.002 as analyze_blue_loop is False.
2025-06-17 09:44:24,280 - INFO - Skipping blue loop analysis for M=10.0, Z=0.0185 as analyze_blue_loop is False.
2025-06-17 09:44:24,909 - INFO - Skipping blue loop analysis for M=10.0, Z=0.0095 as analyze_blue_loop is False.
2025-06-17 09:44:25,505 - INFO - Skipping blue loop analysis for M=8.5, Z=0.004 as analyze_blue_loop is False.
2025-06-17 09:44:26,093 - INFO - Skipping blue loop analysis for M=4.5, Z=0.0055 as analyze_blue_loop is False.
2025-06-17 09:44:26,723 - INFO - Skipping blue loop analysis for M=7.0, Z=0.0085 as analyze_blue_loop is False.
2025-06-17 09:44:27,278 - INFO - Skipping blue loop analysis for M=6.0, Z=0.0095 as analyze_blue_loop is False.
