2025-06-17 10:52:29,088 - INFO - Logging set up. Log file: ./mesagrid_output/mesagrid_run_20250617_105229.log
2025-06-17 10:52:29,088 - DEBUG - Debug mode enabled.
2025-06-17 10:52:29,088 - INFO - MESA Grid Analysis started. Input directory: /home/tnd/mesa-r23.05.1/STRANGE/nad_convos_mid, Output directory: ./mesagrid_output
2025-06-17 10:52:29,088 - INFO - Created/ensured directory: ./mesagrid_output/analysis_results
2025-06-17 10:52:29,088 - DEBUG - --- RE-ANALYSIS DEBUG ---
2025-06-17 10:52:29,088 - DEBUG -     force_reanalysis (from arguments): False
2025-06-17 10:52:29,088 - DEBUG -     summary_csv_path: ./mesagrid_output/analysis_results/mesa_grid_analysis_summary.csv
2025-06-17 10:52:29,088 - DEBUG -     Does summary_csv_path exist? False
2025-06-17 10:52:29,088 - DEBUG -     cross_csv_path: ./mesagrid_output/analysis_results/mesa_grid_cross.csv
2025-06-17 10:52:29,088 - DEBUG -     Does cross_csv_path exist? False
2025-06-17 10:52:29,089 - INFO - Analysis started. Reanalysis needed: True
2025-06-17 10:52:29,089 - INFO - GYRE input CSV 'sorted_mass_Z_min_max.csv' not found. Forcing reanalysis to generate it for GYRE workflow.
2025-06-17 10:52:29,091 - INFO - Starting full analysis of MESA runs...
2025-06-17 10:52:29,094 - INFO - Scanning '/home/tnd/mesa-r23.05.1/STRANGE/nad_convos_mid' for MESA run directories...
2025-06-17 10:52:29,106 - INFO - Inlist file 'inlist_project' not found in '/home/tnd/mesa-r23.05.1/STRANGE/nad_convos_mid/.mesa_temp_cache'. Skipping this directory.
2025-06-17 10:52:29,106 - INFO - history.data not found at '/home/tnd/mesa-r23.05.1/STRANGE/nad_convos_mid/.mesa_temp_cache/LOGS/history.data'. Skipping this directory.
2025-06-17 10:52:29,109 - INFO - Finished scanning. Found 440 valid MESA runs.
2025-06-17 10:52:29,176 - INFO - Generated YAML overview of processed runs: ./mesagrid_output/analysis_results/processed_runs_overview.yaml
2025-06-17 10:52:29,812 - INFO - Skipping blue loop analysis for M=9.5, Z=0.01 as analyze_blue_loop is False.
2025-06-17 10:52:30,434 - INFO - Skipping blue loop analysis for M=6.5, Z=0.0025 as analyze_blue_loop is False.
2025-06-17 10:52:30,937 - INFO - Skipping blue loop analysis for M=8.0, Z=0.002 as analyze_blue_loop is False.
